#
# There is insufficient memory for the Java Runtime Environment to continue.
# Native memory allocation (malloc) failed to allocate 1063456 bytes for Chunk::new
# Possible reasons:
#   The system is out of physical RAM or swap space
#   The process is running with CompressedOops enabled, and the Java Heap may be blocking the growth of the native heap
# Possible solutions:
#   Reduce memory load on the system
#   Increase physical memory or swap space
#   Check if swap backing store is full
#   Decrease Java heap size (-Xmx/-Xms)
#   Decrease number of Java threads
#   Decrease Java thread stack sizes (-Xss)
#   Set larger code cache with -XX:ReservedCodeCacheSize=
#   JVM is running with Unscaled Compressed Oops mode in which the Java heap is
#     placed in the first 4GB address space. The Java Heap base address is the
#     maximum limit for the native heap growth. Please use -XX:HeapBaseMinAddress
#     to set the Java Heap base and to place the Java Heap above 4GB virtual address.
# This output file may be truncated or incomplete.
#
#  Out of Memory Error (allocation.cpp:389), pid=16412, tid=0x000000000000b6f8
#
# JRE version: OpenJDK Runtime Environment (8.0_212-b04) (build 1.8.0_212-release-1586-b04)
# Java VM: OpenJDK 64-Bit Server VM (25.212-b04 mixed mode windows-amd64 compressed oops)
# Failed to write core dump. Minidumps are not enabled by default on client versions of Windows
#

---------------  T H R E A D  ---------------

Current thread (0x0000000018c62000):  JavaThread "C2 CompilerThread2" daemon [_thread_in_native, id=46840, stack(0x0000000019730000,0x0000000019830000)]

Stack: [0x0000000019730000,0x0000000019830000]
[error occurred during error reporting (printing stack bounds), id 0xc0000005]

Native frames: (J=compiled Java code, j=interpreted, Vv=VM code, C=native code)


Current CompileTask:
C2: 288741 24476       4       com.android.tools.r8.u.c.o::a (1157 bytes)


---------------  P R O C E S S  ---------------

Java Threads: ( => current thread )
  0x0000000022af3000 JavaThread "Cache worker for Java compile cache (C:\Users\sarbjit singh\Downloads\Serwe_Updated-master\.gradle\5.6.4\javaCompile)" [_thread_blocked, id=54788, stack(0x0000000030530000,0x0000000030630000)]
  0x0000000022af4800 JavaThread "Cache worker for Java compile cache (C:\Users\sarbjit singh\.gradle\caches\5.6.4\javaCompile)" [_thread_blocked, id=90236, stack(0x0000000030430000,0x0000000030530000)]
  0x0000000022af5800 JavaThread "WorkerExecutor Queue Thread 5" [_thread_blocked, id=93832, stack(0x000000002ad20000,0x000000002ae20000)]
  0x0000000018eff800 JavaThread "WorkerExecutor Queue Thread 2" [_thread_in_native, id=49696, stack(0x000000002aa20000,0x000000002ab20000)]
  0x000000002089e800 JavaThread "stdout" [_thread_in_native, id=48204, stack(0x000000002a620000,0x000000002a720000)]
  0x0000000020896800 JavaThread "stderr" [_thread_in_native, id=65588, stack(0x000000002a520000,0x000000002a620000)]
  0x000000002089d000 JavaThread "stdout" [_thread_in_native, id=50148, stack(0x000000002a420000,0x000000002a520000)]
  0x000000002089c000 JavaThread "stderr" [_thread_in_native, id=40408, stack(0x000000002a320000,0x000000002a420000)]
  0x0000000020897800 JavaThread "stdout" [_thread_in_native, id=65532, stack(0x000000002a220000,0x000000002a320000)]
  0x000000002089d800 JavaThread "stderr" [_thread_in_native, id=66552, stack(0x000000002a120000,0x000000002a220000)]
  0x0000000020896000 JavaThread "stdout" [_thread_in_native, id=25516, stack(0x000000002a020000,0x000000002a120000)]
  0x000000002089b000 JavaThread "stderr" [_thread_in_native, id=31684, stack(0x0000000029f20000,0x000000002a020000)]
  0x000000002089a800 JavaThread "stdout" [_thread_in_native, id=24940, stack(0x0000000029e20000,0x0000000029f20000)]
  0x0000000020899800 JavaThread "stderr" [_thread_in_native, id=26336, stack(0x0000000029d20000,0x0000000029e20000)]
  0x0000000020898000 JavaThread "stdout" [_thread_in_native, id=57448, stack(0x0000000029c20000,0x0000000029d20000)]
  0x0000000020892000 JavaThread "stderr" [_thread_in_native, id=33500, stack(0x0000000029b20000,0x0000000029c20000)]
  0x0000000020895000 JavaThread "stdout" [_thread_in_native, id=65308, stack(0x0000000029a20000,0x0000000029b20000)]
  0x0000000020894800 JavaThread "stderr" [_thread_in_native, id=101152, stack(0x0000000029920000,0x0000000029a20000)]
  0x0000000020893800 JavaThread "stdout" [_thread_in_native, id=101292, stack(0x0000000029700000,0x0000000029800000)]
  0x0000000020893000 JavaThread "stderr" [_thread_in_native, id=90576, stack(0x0000000029500000,0x0000000029600000)]
  0x0000000020899000 JavaThread "pool-36-thread-1" [_thread_blocked, id=10244, stack(0x0000000029600000,0x0000000029700000)]
  0x0000000018f0b800 JavaThread "Cache worker for execution history cache (C:\Users\sarbjit singh\Downloads\Serwe_Updated-master\.gradle\5.6.4\executionHistory)" [_thread_blocked, id=49948, stack(0x0000000029820000,0x0000000029920000)]
  0x0000000018eff000 JavaThread "Execution worker for ':' Thread 7" [_thread_in_Java, id=69660, stack(0x0000000029200000,0x0000000029300000)]
  0x0000000018f05800 JavaThread "Execution worker for ':' Thread 6" [_thread_in_Java, id=88552, stack(0x0000000028040000,0x0000000028140000)]
  0x0000000018efe000 JavaThread "Execution worker for ':' Thread 5" [_thread_in_native, id=16812, stack(0x0000000027f40000,0x0000000028040000)]
  0x0000000018f05000 JavaThread "Execution worker for ':' Thread 4" [_thread_in_Java, id=42360, stack(0x0000000027e40000,0x0000000027f40000)]
  0x0000000018f02000 JavaThread "Execution worker for ':' Thread 3" [_thread_in_Java, id=87860, stack(0x0000000027d40000,0x0000000027e40000)]
  0x0000000018f03800 JavaThread "Execution worker for ':' Thread 2" [_thread_in_native, id=40264, stack(0x0000000027c40000,0x0000000027d40000)]
  0x0000000018efd800 JavaThread "Execution worker for ':'" [_thread_blocked, id=78516, stack(0x0000000027b40000,0x0000000027c40000)]
  0x0000000018f04000 JavaThread "Cache worker for file content cache (C:\Users\sarbjit singh\Downloads\Serwe_Updated-master\.gradle\5.6.4\fileContent)" [_thread_blocked, id=72904, stack(0x0000000027a40000,0x0000000027b40000)]
  0x000000001b97e000 JavaThread "Cache worker for file content cache (C:\Users\sarbjit singh\.gradle\caches\5.6.4\fileContent)" [_thread_blocked, id=101812, stack(0x00000000268a0000,0x00000000269a0000)]
  0x000000001b97d000 JavaThread "Cache worker for Build Output Cleanup Cache (C:\Users\sarbjit singh\Downloads\Serwe_Updated-master\.gradle\buildOutputCleanup)" [_thread_blocked, id=31604, stack(0x00000000267a0000,0x00000000268a0000)]
  0x000000001b97b800 JavaThread "Build operations Thread 8" [_thread_blocked, id=38968, stack(0x0000000024210000,0x0000000024310000)]
  0x000000001b97c800 JavaThread "Build operations Thread 7" [_thread_blocked, id=87888, stack(0x0000000023b10000,0x0000000023c10000)]
  0x000000001b97a000 JavaThread "Build operations Thread 6" [_thread_blocked, id=73228, stack(0x0000000023a10000,0x0000000023b10000)]
  0x000000001b97b000 JavaThread "Build operations Thread 5" [_thread_blocked, id=19944, stack(0x0000000023910000,0x0000000023a10000)]
  0x000000001b979800 JavaThread "Build operations Thread 4" [_thread_blocked, id=97556, stack(0x0000000023810000,0x0000000023910000)]
  0x000000001b971800 JavaThread "Build operations Thread 3" [_thread_blocked, id=2836, stack(0x0000000023710000,0x0000000023810000)]
  0x000000001b978800 JavaThread "Build operations Thread 2" [_thread_blocked, id=9864, stack(0x0000000022620000,0x0000000022720000)]
  0x000000001b974000 JavaThread "Build operations" [_thread_blocked, id=51076, stack(0x0000000022520000,0x0000000022620000)]
  0x000000001b977800 JavaThread "Cache worker for cache directory md-rule (C:\Users\sarbjit singh\.gradle\caches\5.6.4\md-rule)" [_thread_blocked, id=63900, stack(0x0000000022420000,0x0000000022520000)]
  0x000000001b970000 JavaThread "Cache worker for cache directory md-supplier (C:\Users\sarbjit singh\.gradle\caches\5.6.4\md-supplier)" [_thread_blocked, id=52320, stack(0x0000000021160000,0x0000000021260000)]
  0x000000001b977000 JavaThread "Cache worker for file hash cache (C:\Users\sarbjit singh\Downloads\Serwe_Updated-master\.gradle\5.6.4\fileHashes)" [_thread_blocked, id=90440, stack(0x000000001fff0000,0x00000000200f0000)]
  0x000000001b971000 JavaThread "Thread-32" [_thread_blocked, id=73468, stack(0x000000001fcf0000,0x000000001fdf0000)]
  0x000000001b976000 JavaThread "Stdin handler" [_thread_blocked, id=43400, stack(0x000000001d250000,0x000000001d350000)]
  0x000000001b975800 JavaThread "Asynchronous log dispatcher for DefaultDaemonConnection: socket connection from /127.0.0.1:63234 to /127.0.0.1:63271" [_thread_blocked, id=36208, stack(0x000000001d150000,0x000000001d250000)]
  0x000000001b973000 JavaThread "Daemon worker Thread 2" [_thread_in_native, id=20528, stack(0x000000001d050000,0x000000001d150000)]
  0x000000001b96e800 JavaThread "Cancel handler" [_thread_blocked, id=64608, stack(0x000000001cd50000,0x000000001ce50000)]
  0x000000001b974800 JavaThread "Handler for socket connection from /127.0.0.1:63234 to /127.0.0.1:63271" [_thread_in_native, id=86440, stack(0x000000001cc50000,0x000000001cd50000)]
  0x000000001b972800 JavaThread "Daemon Thread 2" [_thread_blocked, id=54884, stack(0x00000000013e0000,0x00000000014e0000)]
  0x0000000018f0a000 JavaThread "Memory manager" [_thread_blocked, id=46264, stack(0x0000000024b10000,0x0000000024c10000)]
  0x0000000018f01000 JavaThread "Cache worker for execution history cache (C:\Users\sarbjit singh\.gradle\caches\5.6.4\executionHistory)" [_thread_blocked, id=98948, stack(0x0000000021d20000,0x0000000021e20000)]
  0x0000000018c6f000 JavaThread "Cache worker for journal cache (C:\Users\sarbjit singh\.gradle\caches\journal-1)" [_thread_blocked, id=82144, stack(0x000000001da50000,0x000000001db50000)]
  0x0000000018c6e000 JavaThread "File lock request listener" [_thread_in_native, id=13744, stack(0x000000001d950000,0x000000001da50000)]
  0x000000001a459800 JavaThread "Cache worker for file hash cache (C:\Users\sarbjit singh\.gradle\caches\5.6.4\fileHashes)" [_thread_blocked, id=34964, stack(0x000000001d850000,0x000000001d950000)]
  0x000000001adfb000 JavaThread "Daemon periodic checks" [_thread_blocked, id=94336, stack(0x000000001cb50000,0x000000001cc50000)]
  0x000000001adfa000 JavaThread "Incoming local TCP Connector on port 63234" [_thread_in_native, id=65756, stack(0x000000001c910000,0x000000001ca10000)]
  0x000000001af95000 JavaThread "Daemon health stats" [_thread_blocked, id=59216, stack(0x000000001c2d0000,0x000000001c3d0000)]
  0x0000000018d02800 JavaThread "Service Thread" daemon [_thread_blocked, id=55084, stack(0x0000000019930000,0x0000000019a30000)]
  0x0000000018c6d800 JavaThread "C1 CompilerThread3" daemon [_thread_blocked, id=95292, stack(0x0000000019830000,0x0000000019930000)]
=>0x0000000018c62000 JavaThread "C2 CompilerThread2" daemon [_thread_in_native, id=46840, stack(0x0000000019730000,0x0000000019830000)]
  0x0000000018c5b000 JavaThread "C2 CompilerThread1" daemon [_thread_in_native, id=80228, stack(0x0000000019630000,0x0000000019730000)]
  0x0000000018c59000 JavaThread "C2 CompilerThread0" daemon [_thread_in_native, id=56064, stack(0x0000000019530000,0x0000000019630000)]
  0x0000000018c57800 JavaThread "Attach Listener" daemon [_thread_blocked, id=57832, stack(0x0000000019430000,0x0000000019530000)]
  0x0000000016e4e800 JavaThread "Signal Dispatcher" daemon [_thread_blocked, id=100976, stack(0x0000000019330000,0x0000000019430000)]
  0x0000000018c50800 JavaThread "Finalizer" daemon [_thread_blocked, id=7892, stack(0x0000000019130000,0x0000000019230000)]
  0x0000000016e3c800 JavaThread "Reference Handler" daemon [_thread_blocked, id=81444, stack(0x0000000019030000,0x0000000019130000)]
  0x0000000002f7e000 JavaThread "main" [_thread_blocked, id=40964, stack(0x0000000002e40000,0x0000000002f40000)]

Other Threads:
  0x0000000016e37800 VMThread [stack: 0x0000000018b30000,0x0000000018c30000] [id=94448]
  0x0000000018d03800 WatcherThread [stack: 0x0000000019a30000,0x0000000019b30000] [id=46916]

VM state:not at safepoint (normal execution)

VM Mutex/Monitor currently owned by a thread: None

heap address: 0x00000000a0000000, size: 1536 MB, Compressed Oops mode: 32-bit
Narrow klass base: 0x0000000000000000, Narrow klass shift: 3
Compressed class space size: 1073741824 Address: 0x0000000100000000

Heap:
 PSYoungGen      total 470016K, used 246387K [0x00000000e0000000, 0x0000000100000000, 0x0000000100000000)
  eden space 421376K, 53% used [0x00000000e0000000,0x00000000edda70e8,0x00000000f9b80000)
  from space 48640K, 39% used [0x00000000fc800000,0x00000000fdaf5be0,0x00000000ff780000)
  to   space 45568K, 0% used [0x00000000f9b80000,0x00000000f9b80000,0x00000000fc800000)
 ParOldGen       total 210432K, used 132371K [0x00000000a0000000, 0x00000000acd80000, 0x00000000e0000000)
  object space 210432K, 62% used [0x00000000a0000000,0x00000000a8144eb0,0x00000000acd80000)
 Metaspace       used 110451K, capacity 116122K, committed 116224K, reserved 1150976K
  class space    used 14077K, capacity 15265K, committed 15360K, reserved 1048576K

Card table byte_map: [0x0000000012440000,0x0000000012750000] byte_map_base: 0x0000000011f40000

Marking Bits: (ParMarkBitMap*) 0x00000000536b9f30
 Begin Bits: [0x0000000013150000, 0x0000000014950000)
 End Bits:   [0x0000000014950000, 0x0000000016150000)

Polling page: 0x0000000000df0000

CodeCache: size=245760Kb used=72052Kb max_used=72052Kb free=173707Kb
 bounds [0x0000000003080000, 0x0000000007730000, 0x0000000012080000]
 total_blobs=20676 nmethods=19731 adapters=856
 compilation: enabled

Compilation events (10 events):
Event: 288.679 Thread 0x0000000018c6d800 24720       2       com.android.tools.r8.ir.regalloc.LinearScanRegisterAllocator$$Lambda$1374/2065256809::compare (12 bytes)
Event: 288.680 Thread 0x0000000018c6d800 nmethod 24720 0x00000000077244d0 code [0x0000000007724660, 0x0000000007724918]
Event: 288.680 Thread 0x0000000018c6d800 24721       2       com.android.tools.r8.ir.regalloc.LinearScanRegisterAllocator::a (22 bytes)
Event: 288.680 Thread 0x0000000018c6d800 nmethod 24721 0x0000000007724c10 code [0x0000000007724da0, 0x0000000007724fd8]
Event: 288.688 Thread 0x0000000018c6d800 24723       2       com.android.tools.r8.graph.C$$Lambda$1312/1975085780::test (8 bytes)
Event: 288.688 Thread 0x0000000018c6d800 nmethod 24723 0x00000000077251d0 code [0x0000000007725340, 0x0000000007725518]
Event: 288.688 Thread 0x0000000018c6d800 24724       1       com.android.tools.r8.graph.DexValue$l::n (2 bytes)
Event: 288.689 Thread 0x0000000018c6d800 nmethod 24724 0x0000000007725650 code [0x00000000077257a0, 0x00000000077258b0]
Event: 288.693 Thread 0x0000000018c6d800 24725       2       com.android.tools.r8.ir.optimize.h::a (286 bytes)
Event: 288.697 Thread 0x0000000018c6d800 nmethod 24725 0x0000000007725910 code [0x0000000007725cc0, 0x0000000007726d68]

GC Heap History (10 events):
Event: 274.388 GC heap before
{Heap before GC invocations=28 (full 4):
 PSYoungGen      total 417280K, used 404992K [0x00000000e0000000, 0x00000000fe000000, 0x0000000100000000)
  eden space 404992K, 100% used [0x00000000e0000000,0x00000000f8b80000,0x00000000f8b80000)
  from space 12288K, 0% used [0x00000000fb280000,0x00000000fb280000,0x00000000fbe80000)
  to   space 33792K, 0% used [0x00000000fbf00000,0x00000000fbf00000,0x00000000fe000000)
 ParOldGen       total 210432K, used 67938K [0x00000000a0000000, 0x00000000acd80000, 0x00000000e0000000)
  object space 210432K, 32% used [0x00000000a0000000,0x00000000a4258ab8,0x00000000acd80000)
 Metaspace       used 98735K, capacity 102348K, committed 103296K, reserved 1138688K
  class space    used 12407K, capacity 13236K, committed 13440K, reserved 1048576K
Event: 274.449 GC heap after
Heap after GC invocations=28 (full 4):
 PSYoungGen      total 438784K, used 33788K [0x00000000e0000000, 0x00000000fe000000, 0x0000000100000000)
  eden space 404992K, 0% used [0x00000000e0000000,0x00000000e0000000,0x00000000f8b80000)
  from space 33792K, 99% used [0x00000000fbf00000,0x00000000fdfff208,0x00000000fe000000)
  to   space 12288K, 0% used [0x00000000fb280000,0x00000000fb280000,0x00000000fbe80000)
 ParOldGen       total 210432K, used 81101K [0x00000000a0000000, 0x00000000acd80000, 0x00000000e0000000)
  object space 210432K, 38% used [0x00000000a0000000,0x00000000a4f33588,0x00000000acd80000)
 Metaspace       used 98735K, capacity 102348K, committed 103296K, reserved 1138688K
  class space    used 12407K, capacity 13236K, committed 13440K, reserved 1048576K
}
Event: 283.397 GC heap before
{Heap before GC invocations=29 (full 4):
 PSYoungGen      total 438784K, used 438780K [0x00000000e0000000, 0x00000000fe000000, 0x0000000100000000)
  eden space 404992K, 100% used [0x00000000e0000000,0x00000000f8b80000,0x00000000f8b80000)
  from space 33792K, 99% used [0x00000000fbf00000,0x00000000fdfff208,0x00000000fe000000)
  to   space 12288K, 0% used [0x00000000fb280000,0x00000000fb280000,0x00000000fbe80000)
 ParOldGen       total 210432K, used 81103K [0x00000000a0000000, 0x00000000acd80000, 0x00000000e0000000)
  object space 210432K, 38% used [0x00000000a0000000,0x00000000a4f33ef0,0x00000000acd80000)
 Metaspace       used 108700K, capacity 114178K, committed 114304K, reserved 1148928K
  class space    used 13996K, capacity 15187K, committed 15232K, reserved 1048576K
Event: 283.452 GC heap after
Heap after GC invocations=29 (full 4):
 PSYoungGen      total 455680K, used 12265K [0x00000000e0000000, 0x0000000100000000, 0x0000000100000000)
  eden space 443392K, 0% used [0x00000000e0000000,0x00000000e0000000,0x00000000fb100000)
  from space 12288K, 99% used [0x00000000fb280000,0x00000000fbe7a6b8,0x00000000fbe80000)
  to   space 54272K, 0% used [0x00000000fcb00000,0x00000000fcb00000,0x0000000100000000)
 ParOldGen       total 210432K, used 120018K [0x00000000a0000000, 0x00000000acd80000, 0x00000000e0000000)
  object space 210432K, 57% used [0x00000000a0000000,0x00000000a7534818,0x00000000acd80000)
 Metaspace       used 108700K, capacity 114178K, committed 114304K, reserved 1148928K
  class space    used 13996K, capacity 15187K, committed 15232K, reserved 1048576K
}
Event: 285.578 GC heap before
{Heap before GC invocations=30 (full 4):
 PSYoungGen      total 455680K, used 455657K [0x00000000e0000000, 0x0000000100000000, 0x0000000100000000)
  eden space 443392K, 100% used [0x00000000e0000000,0x00000000fb100000,0x00000000fb100000)
  from space 12288K, 99% used [0x00000000fb280000,0x00000000fbe7a6b8,0x00000000fbe80000)
  to   space 54272K, 0% used [0x00000000fcb00000,0x00000000fcb00000,0x0000000100000000)
 ParOldGen       total 210432K, used 120018K [0x00000000a0000000, 0x00000000acd80000, 0x00000000e0000000)
  object space 210432K, 57% used [0x00000000a0000000,0x00000000a7534818,0x00000000acd80000)
 Metaspace       used 109463K, capacity 115004K, committed 115072K, reserved 1148928K
  class space    used 14017K, capacity 15200K, committed 15232K, reserved 1048576K
Event: 285.621 GC heap after
Heap after GC invocations=30 (full 4):
 PSYoungGen      total 472576K, used 16579K [0x00000000e0000000, 0x0000000100000000, 0x0000000100000000)
  eden space 418304K, 0% used [0x00000000e0000000,0x00000000e0000000,0x00000000f9880000)
  from space 54272K, 30% used [0x00000000fcb00000,0x00000000fdb30db0,0x0000000100000000)
  to   space 51712K, 0% used [0x00000000f9880000,0x00000000f9880000,0x00000000fcb00000)
 ParOldGen       total 210432K, used 129582K [0x00000000a0000000, 0x00000000acd80000, 0x00000000e0000000)
  object space 210432K, 61% used [0x00000000a0000000,0x00000000a7e8b948,0x00000000acd80000)
 Metaspace       used 109463K, capacity 115004K, committed 115072K, reserved 1148928K
  class space    used 14017K, capacity 15200K, committed 15232K, reserved 1048576K
}
Event: 286.733 GC heap before
{Heap before GC invocations=31 (full 4):
 PSYoungGen      total 472576K, used 434883K [0x00000000e0000000, 0x0000000100000000, 0x0000000100000000)
  eden space 418304K, 100% used [0x00000000e0000000,0x00000000f9880000,0x00000000f9880000)
  from space 54272K, 30% used [0x00000000fcb00000,0x00000000fdb30db0,0x0000000100000000)
  to   space 51712K, 0% used [0x00000000f9880000,0x00000000f9880000,0x00000000fcb00000)
 ParOldGen       total 210432K, used 129582K [0x00000000a0000000, 0x00000000acd80000, 0x00000000e0000000)
  object space 210432K, 61% used [0x00000000a0000000,0x00000000a7e8b948,0x00000000acd80000)
 Metaspace       used 109965K, capacity 115556K, committed 115712K, reserved 1148928K
  class space    used 14031K, capacity 15234K, committed 15360K, reserved 1048576K
Event: 286.759 GC heap after
Heap after GC invocations=31 (full 4):
 PSYoungGen      total 438272K, used 19817K [0x00000000e0000000, 0x00000000ff780000, 0x0000000100000000)
  eden space 418304K, 0% used [0x00000000e0000000,0x00000000e0000000,0x00000000f9880000)
  from space 19968K, 99% used [0x00000000f9880000,0x00000000fabda740,0x00000000fac00000)
  to   space 48640K, 0% used [0x00000000fc800000,0x00000000fc800000,0x00000000ff780000)
 ParOldGen       total 210432K, used 129582K [0x00000000a0000000, 0x00000000acd80000, 0x00000000e0000000)
  object space 210432K, 61% used [0x00000000a0000000,0x00000000a7e8b948,0x00000000acd80000)
 Metaspace       used 109965K, capacity 115556K, committed 115712K, reserved 1148928K
  class space    used 14031K, capacity 15234K, committed 15360K, reserved 1048576K
}
Event: 288.048 GC heap before
{Heap before GC invocations=32 (full 4):
 PSYoungGen      total 438272K, used 438121K [0x00000000e0000000, 0x00000000ff780000, 0x0000000100000000)
  eden space 418304K, 100% used [0x00000000e0000000,0x00000000f9880000,0x00000000f9880000)
  from space 19968K, 99% used [0x00000000f9880000,0x00000000fabda740,0x00000000fac00000)
  to   space 48640K, 0% used [0x00000000fc800000,0x00000000fc800000,0x00000000ff780000)
 ParOldGen       total 210432K, used 129644K [0x00000000a0000000, 0x00000000acd80000, 0x00000000e0000000)
  object space 210432K, 61% used [0x00000000a0000000,0x00000000a7e9b060,0x00000000acd80000)
 Metaspace       used 110392K, capacity 116044K, committed 116224K, reserved 1150976K
  class space    used 14077K, capacity 15264K, committed 15360K, reserved 1048576K
Event: 288.078 GC heap after
Heap after GC invocations=32 (full 4):
 PSYoungGen      total 470016K, used 19414K [0x00000000e0000000, 0x0000000100000000, 0x0000000100000000)
  eden space 421376K, 0% used [0x00000000e0000000,0x00000000e0000000,0x00000000f9b80000)
  from space 48640K, 39% used [0x00000000fc800000,0x00000000fdaf5be0,0x00000000ff780000)
  to   space 45568K, 0% used [0x00000000f9b80000,0x00000000f9b80000,0x00000000fc800000)
 ParOldGen       total 210432K, used 132371K [0x00000000a0000000, 0x00000000acd80000, 0x00000000e0000000)
  object space 210432K, 62% used [0x00000000a0000000,0x00000000a8144eb0,0x00000000acd80000)
 Metaspace       used 110392K, capacity 116044K, committed 116224K, reserved 1150976K
  class space    used 14077K, capacity 15264K, committed 15360K, reserved 1048576K
}

Deoptimization events (10 events):
Event: 287.032 Thread 0x0000000018f02000 Uncommon trap: reason=class_check action=maybe_recompile pc=0x0000000007160048 method=com.android.tools.r8.u.c.M.a(ILcom/android/tools/r8/u/b/j1;)Lcom/android/tools/r8/u/b/g1; @ 12
Event: 287.032 Thread 0x0000000018f02000 Uncommon trap: reason=class_check action=maybe_recompile pc=0x0000000007160048 method=com.android.tools.r8.u.c.M.a(ILcom/android/tools/r8/u/b/j1;)Lcom/android/tools/r8/u/b/g1; @ 12
Event: 287.037 Thread 0x0000000018f02000 Uncommon trap: reason=unstable_if action=reinterpret pc=0x0000000006444908 method=com.android.tools.r8.graph.d0.b(Lcom/android/tools/r8/graph/d0;)I @ 141
Event: 287.592 Thread 0x0000000018f05800 Uncommon trap: reason=unstable_if action=reinterpret pc=0x00000000066bf264 method=com.android.tools.r8.graph.r0.c(Ljava/lang/String;)Lcom/android/tools/r8/graph/b0; @ 229
Event: 287.607 Thread 0x0000000018f05800 Uncommon trap: reason=unstable_if action=reinterpret pc=0x000000000735d64c method=com.android.tools.r8.graph.d0.a(C)I @ 1
Event: 287.625 Thread 0x0000000018f03800 Uncommon trap: reason=unstable_if action=reinterpret pc=0x000000000754bdcc method=com.android.tools.r8.ir.optimize.h.c(Lcom/android/tools/r8/u/b/d0;)Z @ 27
Event: 287.835 Thread 0x0000000018f05800 Uncommon trap: reason=class_check action=maybe_recompile pc=0x0000000007594640 method=com.android.tools.r8.u.a.h.e.b(Lcom/android/tools/r8/u/b/d0;)V @ 244
Event: 288.010 Thread 0x0000000018f03800 Uncommon trap: reason=class_check action=maybe_recompile pc=0x000000000759500c method=com.android.tools.r8.u.a.h.e.b(Lcom/android/tools/r8/u/b/d0;)V @ 379
Event: 288.136 Thread 0x0000000018f05800 Uncommon trap: reason=class_check action=maybe_recompile pc=0x0000000007594640 method=com.android.tools.r8.u.a.h.e.b(Lcom/android/tools/r8/u/b/d0;)V @ 244
Event: 288.475 Thread 0x0000000018f02000 Uncommon trap: reason=unstable_if action=reinterpret pc=0x000000000770208c method=com.android.tools.r8.v.a.a.a.f.c0.get(I)Ljava/lang/Object; @ 85

Classes redefined (0 events):
No events

Internal exceptions (10 events):
Event: 288.124 Thread 0x0000000018efe000 Exception <a 'sun/nio/fs/WindowsException'> (0x00000000e13dfd48) thrown at [D:\src\AOSP-openjdk-cygwin\jdk8u\hotspot\src\share\vm\prims\jni.cpp, line 710]
Event: 288.129 Thread 0x000000001b973000 Exception <a 'sun/nio/fs/WindowsException'> (0x00000000e13b65d8) thrown at [D:\src\AOSP-openjdk-cygwin\jdk8u\hotspot\src\share\vm\prims\jni.cpp, line 710]
Event: 288.183 Thread 0x0000000018f03800 Exception <a 'sun/nio/fs/WindowsException'> (0x00000000e206bfa8) thrown at [D:\src\AOSP-openjdk-cygwin\jdk8u\hotspot\src\share\vm\prims\jni.cpp, line 710]
Event: 288.218 Thread 0x0000000018f03800 Exception <a 'sun/nio/fs/WindowsException'> (0x00000000e208b760) thrown at [D:\src\AOSP-openjdk-cygwin\jdk8u\hotspot\src\share\vm\prims\jni.cpp, line 710]
Event: 288.237 Thread 0x0000000018efe000 Exception <a 'sun/nio/fs/WindowsException'> (0x00000000e13ff4c8) thrown at [D:\src\AOSP-openjdk-cygwin\jdk8u\hotspot\src\share\vm\prims\jni.cpp, line 710]
Event: 288.255 Thread 0x0000000018f05000 Exception <a 'sun/nio/fs/WindowsException'> (0x00000000e321bb58) thrown at [D:\src\AOSP-openjdk-cygwin\jdk8u\hotspot\src\share\vm\prims\jni.cpp, line 710]
Event: 288.294 Thread 0x000000001b973000 Exception <a 'sun/nio/fs/WindowsException'> (0x00000000e411aa98) thrown at [D:\src\AOSP-openjdk-cygwin\jdk8u\hotspot\src\share\vm\prims\jni.cpp, line 710]
Event: 288.371 Thread 0x000000001b973000 Exception <a 'sun/nio/fs/WindowsException'> (0x00000000e4196d10) thrown at [D:\src\AOSP-openjdk-cygwin\jdk8u\hotspot\src\share\vm\prims\jni.cpp, line 710]
Event: 288.458 Thread 0x000000001b973000 Exception <a 'sun/nio/fs/WindowsException'> (0x00000000e789f1a8) thrown at [D:\src\AOSP-openjdk-cygwin\jdk8u\hotspot\src\share\vm\prims\jni.cpp, line 710]
Event: 288.597 Thread 0x0000000018efe000 Exception <a 'sun/nio/fs/WindowsException'> (0x00000000e14c80c0) thrown at [D:\src\AOSP-openjdk-cygwin\jdk8u\hotspot\src\share\vm\prims\jni.cpp, line 710]

Events (10 events):
Event: 288.681 Thread 0x0000000018eff000 DEOPT PACKING pc=0x0000000007641b79 sp=0x00000000292fa0b0
Event: 288.681 Thread 0x0000000018eff000 DEOPT UNPACKING pc=0x00000000030c75d0 sp=0x00000000292f9e10 mode 0
Event: 288.688 loading class com/android/tools/r8/u/b/g1
Event: 288.688 loading class com/android/tools/r8/u/b/g1 done
Event: 288.689 loading class com/android/tools/r8/u/b/d0
Event: 288.689 loading class com/android/tools/r8/u/b/d0 done
Event: 288.689 loading class com/android/tools/r8/u/b/g1
Event: 288.689 loading class com/android/tools/r8/u/b/g1 done
Event: 288.691 Thread 0x0000000018eff000 DEOPT PACKING pc=0x0000000006f2e6d9 sp=0x00000000292fa140
Event: 288.691 Thread 0x0000000018eff000 DEOPT UNPACKING pc=0x00000000030c75d0 sp=0x00000000292fa1a8 mode 0


Dynamic libraries:
0x00007ff6c5430000 - 0x00007ff6c5461000 	G:\Android Studio\Program Files\Android\Android Studio\jre\bin\java.exe
0x00007ffd47920000 - 0x00007ffd47b10000 	C:\WINDOWS\SYSTEM32\ntdll.dll
0x00007ffd470b0000 - 0x00007ffd47162000 	C:\WINDOWS\System32\KERNEL32.DLL
0x00007ffd44910000 - 0x00007ffd44bb3000 	C:\WINDOWS\System32\KERNELBASE.dll
0x00007ffd46450000 - 0x00007ffd464f3000 	C:\WINDOWS\System32\ADVAPI32.dll
0x00007ffd47010000 - 0x00007ffd470ae000 	C:\WINDOWS\System32\msvcrt.dll
0x00007ffd46f70000 - 0x00007ffd47007000 	C:\WINDOWS\System32\sechost.dll
0x00007ffd465b0000 - 0x00007ffd466d0000 	C:\WINDOWS\System32\RPCRT4.dll
0x00007ffd466d0000 - 0x00007ffd46864000 	C:\WINDOWS\System32\USER32.dll
0x00007ffd448e0000 - 0x00007ffd44901000 	C:\WINDOWS\System32\win32u.dll
0x00007ffd478b0000 - 0x00007ffd478d6000 	C:\WINDOWS\System32\GDI32.dll
0x00007ffd44ce0000 - 0x00007ffd44e74000 	C:\WINDOWS\System32\gdi32full.dll
0x00007ffd44f30000 - 0x00007ffd44fce000 	C:\WINDOWS\System32\msvcp_win.dll
0x00007ffd44be0000 - 0x00007ffd44cda000 	C:\WINDOWS\System32\ucrtbase.dll
0x00007ffd32660000 - 0x00007ffd328e5000 	C:\WINDOWS\WinSxS\amd64_microsoft.windows.common-controls_6595b64144ccf1df_6.0.18362.720_none_e6beb5c51314836b\COMCTL32.dll
0x00007ffd474f0000 - 0x00007ffd47826000 	C:\WINDOWS\System32\combase.dll
0x00007ffd44fd0000 - 0x00007ffd45050000 	C:\WINDOWS\System32\bcryptPrimitives.dll
0x00007ffd45c20000 - 0x00007ffd45c4e000 	C:\WINDOWS\System32\IMM32.DLL
0x0000000054200000 - 0x00000000542d2000 	G:\Android Studio\Program Files\Android\Android Studio\jre\jre\bin\msvcr100.dll
0x0000000052ef0000 - 0x0000000053736000 	G:\Android Studio\Program Files\Android\Android Studio\jre\jre\bin\server\jvm.dll
0x00007ffd45a50000 - 0x00007ffd45a58000 	C:\WINDOWS\System32\PSAPI.DLL
0x00007ffd2ee70000 - 0x00007ffd2ee79000 	C:\WINDOWS\SYSTEM32\WSOCK32.dll
0x00007ffd3f5b0000 - 0x00007ffd3f5ba000 	C:\WINDOWS\SYSTEM32\VERSION.dll
0x00007ffd425e0000 - 0x00007ffd42604000 	C:\WINDOWS\SYSTEM32\WINMM.dll
0x00007ffd46dc0000 - 0x00007ffd46e2f000 	C:\WINDOWS\System32\WS2_32.dll
0x00007ffd42120000 - 0x00007ffd4214d000 	C:\WINDOWS\SYSTEM32\WINMMBASE.dll
0x00007ffd45200000 - 0x00007ffd4524a000 	C:\WINDOWS\System32\cfgmgr32.dll
0x00007ffd3e350000 - 0x00007ffd3e35f000 	G:\Android Studio\Program Files\Android\Android Studio\jre\jre\bin\verify.dll
0x00007ffd38400000 - 0x00007ffd38429000 	G:\Android Studio\Program Files\Android\Android Studio\jre\jre\bin\java.dll
0x00007ffd3be70000 - 0x00007ffd3be86000 	G:\Android Studio\Program Files\Android\Android Studio\jre\jre\bin\zip.dll
0x00007ffd45d00000 - 0x00007ffd463e5000 	C:\WINDOWS\System32\SHELL32.dll
0x00007ffd46500000 - 0x00007ffd465a9000 	C:\WINDOWS\System32\shcore.dll
0x00007ffd45250000 - 0x00007ffd459d0000 	C:\WINDOWS\System32\windows.storage.dll
0x00007ffd44880000 - 0x00007ffd448a3000 	C:\WINDOWS\System32\profapi.dll
0x00007ffd44810000 - 0x00007ffd4485a000 	C:\WINDOWS\System32\powrprof.dll
0x00007ffd447e0000 - 0x00007ffd447f0000 	C:\WINDOWS\System32\UMPDC.dll
0x00007ffd463f0000 - 0x00007ffd46442000 	C:\WINDOWS\System32\shlwapi.dll
0x00007ffd447f0000 - 0x00007ffd44801000 	C:\WINDOWS\System32\kernel.appcore.dll
0x00007ffd44bc0000 - 0x00007ffd44bd7000 	C:\WINDOWS\System32\cryptsp.dll
0x00007ffd39f60000 - 0x00007ffd39f7a000 	G:\Android Studio\Program Files\Android\Android Studio\jre\jre\bin\net.dll
0x00007ffd32480000 - 0x00007ffd32655000 	C:\WINDOWS\SYSTEM32\urlmon.dll
0x00007ffd36de0000 - 0x00007ffd37086000 	C:\WINDOWS\SYSTEM32\iertutil.dll
0x00007ffd44220000 - 0x00007ffd4422c000 	C:\WINDOWS\SYSTEM32\CRYPTBASE.DLL
0x00007ffd44050000 - 0x00007ffd440b7000 	C:\WINDOWS\system32\mswsock.dll
0x00007ffd38260000 - 0x00007ffd38273000 	G:\Android Studio\Program Files\Android\Android Studio\jre\jre\bin\nio.dll
0x00007ffd2e140000 - 0x00007ffd2e166000 	C:\Users\sarbjit singh\.gradle\native\30\windows-amd64\native-platform.dll
0x00007ffd37390000 - 0x00007ffd3739d000 	G:\Android Studio\Program Files\Android\Android Studio\jre\jre\bin\management.dll
0x00007ffd43bc0000 - 0x00007ffd43bf3000 	C:\WINDOWS\system32\rsaenh.dll
0x00007ffd448b0000 - 0x00007ffd448d6000 	C:\WINDOWS\System32\bcrypt.dll
0x00007ffd44700000 - 0x00007ffd44725000 	C:\WINDOWS\SYSTEM32\USERENV.dll
0x00007ffd43d60000 - 0x00007ffd43d9a000 	C:\WINDOWS\SYSTEM32\IPHLPAPI.DLL
0x00007ffd474e0000 - 0x00007ffd474e8000 	C:\WINDOWS\System32\NSI.dll
0x00007ffd3c4e0000 - 0x00007ffd3c4f6000 	C:\WINDOWS\SYSTEM32\dhcpcsvc6.DLL
0x00007ffd3c4c0000 - 0x00007ffd3c4dc000 	C:\WINDOWS\SYSTEM32\dhcpcsvc.DLL
0x00007ffd43da0000 - 0x00007ffd43e6a000 	C:\WINDOWS\SYSTEM32\DNSAPI.dll
0x00007ffd37310000 - 0x00007ffd37334000 	G:\Android Studio\Program Files\Android\Android Studio\jre\jre\bin\sunec.dll
0x00007ffd426d0000 - 0x00007ffd426db000 	G:\Android Studio\Program Files\Android\Android Studio\jre\jre\bin\sunmscapi.dll
0x00007ffd45050000 - 0x00007ffd45199000 	C:\WINDOWS\System32\CRYPT32.dll
0x00007ffd44860000 - 0x00007ffd44872000 	C:\WINDOWS\System32\MSASN1.dll
0x00007ffd3f6b0000 - 0x00007ffd3f6ba000 	C:\Windows\System32\rasadhlp.dll
0x00007ffd3c020000 - 0x00007ffd3c097000 	C:\WINDOWS\System32\fwpuclnt.dll
0x00007ffd43580000 - 0x00007ffd435b1000 	C:\WINDOWS\SYSTEM32\ntmarta.dll
0x00007ffd42550000 - 0x00007ffd425df000 	C:\WINDOWS\system32\apphelp.dll

VM Arguments:
jvm_args: -Xmx1536m -Dfile.encoding=windows-1252 -Duser.country=IN -Duser.language=en -Duser.variant 
java_command: org.gradle.launcher.daemon.bootstrap.GradleDaemon 5.6.4
java_class_path (initial): C:\Users\sarbjit singh\.gradle\wrapper\dists\gradle-5.6.4-all\ankdp27end7byghfw1q2sw75f\gradle-5.6.4\lib\gradle-launcher-5.6.4.jar
Launcher Type: SUN_STANDARD

Environment Variables:
PATH=C:\Program Files (x86)\Common Files\Oracle\Java\javapath;C:\Program Files (x86)\Lenovo\FusionEngine;C:\Windows\system32;C:\Windows;C:\Windows\System32\Wbem;C:\Windows\System32\WindowsPowerShell\v1.0\;C:\Program Files (x86)\NVIDIA Corporation\PhysX\Common;C:\Program Files\Intel\WiFi\bin\;C:\Program Files\Common Files\Intel\WirelessCommon\;C:\WINDOWS\system32;C:\WINDOWS;C:\WINDOWS\System32\Wbem;C:\WINDOWS\System32\WindowsPowerShell\v1.0\;C:\WINDOWS\System32\OpenSSH\;C:\Program Files\NVIDIA Corporation\NVIDIA NvDLISR;C:\Program Files\Process Lasso\;C:\Program Files\Git\cmd;C:\Program Files\Java\jdk-11.0.4\bin;C:\Users\sarbjit singh\AppData\Local\atom\bin
USERNAME=sarbjit singh
OS=Windows_NT
PROCESSOR_IDENTIFIER=Intel64 Family 6 Model 60 Stepping 3, GenuineIntel



---------------  S Y S T E M  ---------------

OS: Windows 10.0 , 64 bit Build 18362 (10.0.18362.329)

CPU:total 8 (initial active 8) (4 cores per cpu, 2 threads per core) family 6 model 60 stepping 3, cmov, cx8, fxsr, mmx, sse, sse2, sse3, ssse3, sse4.1, sse4.2, popcnt, avx, avx2, aes, clmul, erms, lzcnt, ht, tsc, tscinvbit, bmi1, bmi2

Memory: 4k page, physical 8298776k(893296k free), swap 13279512k(5188k free)

vm_info: OpenJDK 64-Bit Server VM (25.212-b04) for windows-amd64 JRE (1.8.0_212-release-1586-b04), built by "builder" with MS VC++ 10.0 (VS2010)

time: Tue Apr 14 13:52:04 2020
timezone: Eastern Daylight Time
elapsed time: 288 seconds (0d 0h 4m 48s)

