#
# There is insufficient memory for the Java Runtime Environment to continue.
# Native memory allocation (malloc) failed to allocate 1266336 bytes for Chunk::new
# Possible reasons:
#   The system is out of physical RAM or swap space
#   The process is running with CompressedOops enabled, and the Java Heap may be blocking the growth of the native heap
# Possible solutions:
#   Reduce memory load on the system
#   Increase physical memory or swap space
#   Check if swap backing store is full
#   Decrease Java heap size (-Xmx/-Xms)
#   Decrease number of Java threads
#   Decrease Java thread stack sizes (-Xss)
#   Set larger code cache with -XX:ReservedCodeCacheSize=
#   JVM is running with Unscaled Compressed Oops mode in which the Java heap is
#     placed in the first 4GB address space. The Java Heap base address is the
#     maximum limit for the native heap growth. Please use -XX:HeapBaseMinAddress
#     to set the Java Heap base and to place the Java Heap above 4GB virtual address.
# This output file may be truncated or incomplete.
#
#  Out of Memory Error (allocation.cpp:389), pid=75684, tid=0x0000000000011ba4
#
# JRE version: OpenJDK Runtime Environment (8.0_212-b04) (build 1.8.0_212-release-1586-b04)
# Java VM: OpenJDK 64-Bit Server VM (25.212-b04 mixed mode windows-amd64 compressed oops)
# Failed to write core dump. Minidumps are not enabled by default on client versions of Windows
#

---------------  T H R E A D  ---------------

Current thread (0x0000000018c2f800):  JavaThread "C2 CompilerThread1" daemon [_thread_in_native, id=72612, stack(0x0000000019610000,0x0000000019710000)]

Stack: [0x0000000019610000,0x0000000019710000]
[error occurred during error reporting (printing stack bounds), id 0xc0000005]

Native frames: (J=compiled Java code, j=interpreted, Vv=VM code, C=native code)


Current CompileTask:
C2: 155199 13444   !   4       com.sun.tools.javac.file.JavacFileManager::listContainer (94 bytes)


---------------  P R O C E S S  ---------------

Java Threads: ( => current thread )
  0x000000001a875800 JavaThread "Cache worker for Java compile cache (C:\Users\sarbjit singh\Downloads\Serwe_Updated-master\.gradle\5.6.4\javaCompile)" [_thread_blocked, id=62076, stack(0x00000000286b0000,0x00000000287b0000)]
  0x000000001a87c000 JavaThread "Cache worker for execution history cache (C:\Users\sarbjit singh\Downloads\Serwe_Updated-master\.gradle\5.6.4\executionHistory)" [_thread_blocked, id=56856, stack(0x0000000026ff0000,0x00000000270f0000)]
  0x000000001a87a800 JavaThread "Execution worker for ':' Thread 7" [_thread_blocked, id=6384, stack(0x0000000026bf0000,0x0000000026cf0000)]
  0x000000001a879000 JavaThread "Execution worker for ':' Thread 6" [_thread_blocked, id=77880, stack(0x0000000025660000,0x0000000025760000)]
  0x000000001a878800 JavaThread "Execution worker for ':' Thread 5" [_thread_blocked, id=101436, stack(0x0000000025560000,0x0000000025660000)]
  0x000000001a870800 JavaThread "Execution worker for ':' Thread 4" [_thread_blocked, id=86868, stack(0x0000000025460000,0x0000000025560000)]
  0x000000001a877800 JavaThread "Execution worker for ':' Thread 3" [_thread_blocked, id=63956, stack(0x0000000025360000,0x0000000025460000)]
  0x000000001a874000 JavaThread "Execution worker for ':' Thread 2" [_thread_blocked, id=78104, stack(0x0000000025260000,0x0000000025360000)]
  0x000000001a873000 JavaThread "Execution worker for ':'" [_thread_blocked, id=39744, stack(0x0000000024b60000,0x0000000024c60000)]
  0x000000001a872800 JavaThread "Cache worker for file content cache (C:\Users\sarbjit singh\Downloads\Serwe_Updated-master\.gradle\5.6.4\fileContent)" [_thread_blocked, id=66644, stack(0x0000000023e60000,0x0000000023f60000)]
  0x000000001a874800 JavaThread "Cache worker for Build Output Cleanup Cache (C:\Users\sarbjit singh\Downloads\Serwe_Updated-master\.gradle\buildOutputCleanup)" [_thread_blocked, id=77028, stack(0x0000000023760000,0x0000000023860000)]
  0x000000001a870000 JavaThread "Build operations Thread 8" [_thread_blocked, id=96348, stack(0x0000000023660000,0x0000000023760000)]
  0x00000000207a0800 JavaThread "Build operations Thread 7" [_thread_blocked, id=65548, stack(0x0000000022550000,0x0000000022650000)]
  0x00000000207a0000 JavaThread "Build operations Thread 6" [_thread_blocked, id=3168, stack(0x0000000022450000,0x0000000022550000)]
  0x000000002079f000 JavaThread "Build operations Thread 5" [_thread_blocked, id=51740, stack(0x0000000022350000,0x0000000022450000)]
  0x000000002079e800 JavaThread "Build operations Thread 4" [_thread_blocked, id=10640, stack(0x0000000022250000,0x0000000022350000)]
  0x000000002079d800 JavaThread "Build operations Thread 3" [_thread_blocked, id=27512, stack(0x0000000022150000,0x0000000022250000)]
  0x000000002079d000 JavaThread "Build operations Thread 2" [_thread_blocked, id=84172, stack(0x0000000022050000,0x0000000022150000)]
  0x000000002079b800 JavaThread "Build operations" [_thread_blocked, id=20744, stack(0x0000000021bd0000,0x0000000021cd0000)]
  0x000000002079a800 JavaThread "Cache worker for cache directory md-rule (C:\Users\sarbjit singh\.gradle\caches\5.6.4\md-rule)" [_thread_blocked, id=21116, stack(0x00000000204b0000,0x00000000205b0000)]
  0x000000002079c000 JavaThread "Cache worker for cache directory md-supplier (C:\Users\sarbjit singh\.gradle\caches\5.6.4\md-supplier)" [_thread_blocked, id=51188, stack(0x000000001fd00000,0x000000001fe00000)]
  0x0000000020796000 JavaThread "Cache worker for file hash cache (C:\Users\sarbjit singh\Downloads\Serwe_Updated-master\.gradle\5.6.4\fileHashes)" [_thread_blocked, id=6508, stack(0x000000001d560000,0x000000001d660000)]
  0x0000000020799000 JavaThread "Thread-51" [_thread_blocked, id=99544, stack(0x000000001d460000,0x000000001d560000)]
  0x0000000020793000 JavaThread "Stdin handler" [_thread_blocked, id=71148, stack(0x000000001d260000,0x000000001d360000)]
  0x0000000020798800 JavaThread "Asynchronous log dispatcher for DefaultDaemonConnection: socket connection from /127.0.0.1:52926 to /127.0.0.1:52951" [_thread_blocked, id=50504, stack(0x000000001d160000,0x000000001d260000)]
  0x0000000020794000 JavaThread "Daemon worker Thread 2" [_thread_in_Java, id=25564, stack(0x000000001d060000,0x000000001d160000)]
  0x000000002079a000 JavaThread "Cancel handler" [_thread_blocked, id=88188, stack(0x000000001cd60000,0x000000001ce60000)]
  0x0000000020795800 JavaThread "Handler for socket connection from /127.0.0.1:52926 to /127.0.0.1:52951" [_thread_in_native, id=33828, stack(0x000000001cc60000,0x000000001cd60000)]
  0x0000000020792800 JavaThread "Daemon Thread 2" [_thread_blocked, id=48680, stack(0x00000000014e0000,0x00000000015e0000)]
  0x000000001a876000 JavaThread "Cache worker for Java compile cache (C:\Users\sarbjit singh\.gradle\caches\5.6.4\javaCompile)" [_thread_blocked, id=94476, stack(0x0000000026ef0000,0x0000000026ff0000)]
  0x000000002078b800 JavaThread "Cache worker for file content cache (C:\Users\sarbjit singh\.gradle\caches\5.6.4\fileContent)" [_thread_blocked, id=90308, stack(0x0000000024a60000,0x0000000024b60000)]
  0x000000002078a800 JavaThread "Memory manager" [_thread_blocked, id=38328, stack(0x0000000024960000,0x0000000024a60000)]
  0x000000001bbdf000 JavaThread "Cache worker for execution history cache (C:\Users\sarbjit singh\.gradle\caches\5.6.4\executionHistory)" [_thread_blocked, id=71488, stack(0x0000000021f50000,0x0000000022050000)]
  0x000000001bbe1000 JavaThread "Cache worker for journal cache (C:\Users\sarbjit singh\.gradle\caches\journal-1)" [_thread_blocked, id=25996, stack(0x000000001da60000,0x000000001db60000)]
  0x000000001bbde000 JavaThread "File lock request listener" [_thread_in_native, id=83860, stack(0x000000001d960000,0x000000001da60000)]
  0x000000001ba00800 JavaThread "Cache worker for file hash cache (C:\Users\sarbjit singh\.gradle\caches\5.6.4\fileHashes)" [_thread_blocked, id=38724, stack(0x000000001d860000,0x000000001d960000)]
  0x000000001b7f4800 JavaThread "Daemon periodic checks" [_thread_blocked, id=28524, stack(0x000000001cb60000,0x000000001cc60000)]
  0x000000001b90a800 JavaThread "Incoming local TCP Connector on port 52926" [_thread_in_native, id=35732, stack(0x000000001c920000,0x000000001ca20000)]
  0x0000000018e62800 JavaThread "Daemon health stats" [_thread_blocked, id=24240, stack(0x000000001b2e0000,0x000000001b3e0000)]
  0x0000000018c7a000 JavaThread "Service Thread" daemon [_thread_blocked, id=73392, stack(0x0000000019910000,0x0000000019a10000)]
  0x0000000018c3d000 JavaThread "C1 CompilerThread3" daemon [_thread_in_vm, id=39736, stack(0x0000000019810000,0x0000000019910000)]
  0x0000000016e4d000 JavaThread "C2 CompilerThread2" daemon [_thread_in_native, id=21564, stack(0x0000000019710000,0x0000000019810000)]
=>0x0000000018c2f800 JavaThread "C2 CompilerThread1" daemon [_thread_in_native, id=72612, stack(0x0000000019610000,0x0000000019710000)]
  0x0000000018c2d800 JavaThread "C2 CompilerThread0" daemon [_thread_in_native, id=2768, stack(0x0000000019510000,0x0000000019610000)]
  0x0000000018c2c800 JavaThread "Attach Listener" daemon [_thread_blocked, id=80648, stack(0x0000000019410000,0x0000000019510000)]
  0x0000000018c2b800 JavaThread "Signal Dispatcher" daemon [_thread_blocked, id=57276, stack(0x0000000019310000,0x0000000019410000)]
  0x0000000018c20800 JavaThread "Finalizer" daemon [_thread_blocked, id=35344, stack(0x0000000019100000,0x0000000019200000)]
  0x0000000016e3c800 JavaThread "Reference Handler" daemon [_thread_blocked, id=14444, stack(0x0000000019000000,0x0000000019100000)]
  0x00000000016ce000 JavaThread "main" [_thread_blocked, id=74032, stack(0x0000000002e80000,0x0000000002f80000)]

Other Threads:
  0x0000000016e38000 VMThread [stack: 0x0000000018b00000,0x0000000018c00000] [id=54516]
  0x0000000018c7b000 WatcherThread [stack: 0x0000000019a10000,0x0000000019b10000] [id=50720]

VM state:not at safepoint (normal execution)

VM Mutex/Monitor currently owned by a thread: None

heap address: 0x00000000a0000000, size: 1536 MB, Compressed Oops mode: 32-bit
Narrow klass base: 0x0000000000000000, Narrow klass shift: 3
Compressed class space size: 1073741824 Address: 0x0000000100000000

Heap:
 PSYoungGen      total 252928K, used 127623K [0x00000000e0000000, 0x00000000f1c80000, 0x0000000100000000)
  eden space 214528K, 42% used [0x00000000e0000000,0x00000000e5918b08,0x00000000ed180000)
  from space 38400K, 94% used [0x00000000ed180000,0x00000000ef509418,0x00000000ef700000)
  to   space 35840K, 0% used [0x00000000ef980000,0x00000000ef980000,0x00000000f1c80000)
 ParOldGen       total 133632K, used 93324K [0x00000000a0000000, 0x00000000a8280000, 0x00000000e0000000)
  object space 133632K, 69% used [0x00000000a0000000,0x00000000a5b23128,0x00000000a8280000)
 Metaspace       used 86416K, capacity 90340K, committed 90584K, reserved 1128448K
  class space    used 11579K, capacity 12387K, committed 12504K, reserved 1048576K

Card table byte_map: [0x0000000012440000,0x0000000012750000] byte_map_base: 0x0000000011f40000

Marking Bits: (ParMarkBitMap*) 0x00000000536b9f30
 Begin Bits: [0x0000000013150000, 0x0000000014950000)
 End Bits:   [0x0000000014950000, 0x0000000016150000)

Polling page: 0x0000000001670000

CodeCache: size=245760Kb used=36902Kb max_used=36951Kb free=208857Kb
 bounds [0x0000000003080000, 0x00000000054c0000, 0x0000000012080000]
 total_blobs=12134 nmethods=11271 adapters=772
 compilation: enabled

Compilation events (10 events):
Event: 155.154 Thread 0x0000000018c3d000 13654       2       com.sun.tools.javac.code.Scope::dup (9 bytes)
Event: 155.154 Thread 0x0000000018c3d000 nmethod 13654 0x00000000054b8150 code [0x00000000054b82c0, 0x00000000054b8448]
Event: 155.154 Thread 0x0000000018c3d000 13655       1       com.sun.tools.javac.comp.Check$Validator::visitTree (1 bytes)
Event: 155.155 Thread 0x0000000018c3d000 nmethod 13655 0x00000000054b84d0 code [0x00000000054b8620, 0x00000000054b8730]
Event: 155.155 Thread 0x0000000018c3d000 13656   !   2       com.sun.tools.javac.comp.Attr::visitBlock (363 bytes)
Event: 155.157 Thread 0x0000000018c3d000 nmethod 13656 0x00000000054b8790 code [0x00000000054b8aa0, 0x00000000054b9a28]
Event: 155.157 Thread 0x0000000018c3d000 13658       2       com.sun.tools.javac.comp.Flow$AliveAnalyzer::scanStats (33 bytes)
Event: 155.158 Thread 0x0000000018c3d000 nmethod 13658 0x00000000054bad10 code [0x00000000054bae80, 0x00000000054bb0c8]
Event: 155.158 Thread 0x0000000018c3d000 13657       2       com.sun.tools.javac.comp.Flow$AliveAnalyzer::visitBlock (9 bytes)
Event: 155.158 Thread 0x0000000018c3d000 nmethod 13657 0x00000000054bb210 code [0x00000000054bb380, 0x00000000054bb5c8]

GC Heap History (10 events):
Event: 37.608 GC heap before
{Heap before GC invocations=16 (full 3):
 PSYoungGen      total 177152K, used 158720K [0x00000000e0000000, 0x00000000eca00000, 0x0000000100000000)
  eden space 158720K, 100% used [0x00000000e0000000,0x00000000e9b00000,0x00000000e9b00000)
  from space 18432K, 0% used [0x00000000eaf80000,0x00000000eaf80000,0x00000000ec180000)
  to   space 20992K, 0% used [0x00000000e9b00000,0x00000000e9b00000,0x00000000eaf80000)
 ParOldGen       total 133632K, used 33019K [0x00000000a0000000, 0x00000000a8280000, 0x00000000e0000000)
  object space 133632K, 24% used [0x00000000a0000000,0x00000000a203ee10,0x00000000a8280000)
 Metaspace       used 59468K, capacity 61808K, committed 61912K, reserved 1101824K
  class space    used 8186K, capacity 8661K, committed 8664K, reserved 1048576K
Event: 37.626 GC heap after
Heap after GC invocations=16 (full 3):
 PSYoungGen      total 179712K, used 11941K [0x00000000e0000000, 0x00000000ee100000, 0x0000000100000000)
  eden space 158720K, 0% used [0x00000000e0000000,0x00000000e0000000,0x00000000e9b00000)
  from space 20992K, 56% used [0x00000000e9b00000,0x00000000ea6a94d8,0x00000000eaf80000)
  to   space 20480K, 0% used [0x00000000ecd00000,0x00000000ecd00000,0x00000000ee100000)
 ParOldGen       total 133632K, used 33027K [0x00000000a0000000, 0x00000000a8280000, 0x00000000e0000000)
  object space 133632K, 24% used [0x00000000a0000000,0x00000000a2040e10,0x00000000a8280000)
 Metaspace       used 59468K, capacity 61808K, committed 61912K, reserved 1101824K
  class space    used 8186K, capacity 8661K, committed 8664K, reserved 1048576K
}
Event: 49.141 GC heap before
{Heap before GC invocations=17 (full 3):
 PSYoungGen      total 179712K, used 170661K [0x00000000e0000000, 0x00000000ee100000, 0x0000000100000000)
  eden space 158720K, 100% used [0x00000000e0000000,0x00000000e9b00000,0x00000000e9b00000)
  from space 20992K, 56% used [0x00000000e9b00000,0x00000000ea6a94d8,0x00000000eaf80000)
  to   space 20480K, 0% used [0x00000000ecd00000,0x00000000ecd00000,0x00000000ee100000)
 ParOldGen       total 133632K, used 33027K [0x00000000a0000000, 0x00000000a8280000, 0x00000000e0000000)
  object space 133632K, 24% used [0x00000000a0000000,0x00000000a2040e10,0x00000000a8280000)
 Metaspace       used 66180K, capacity 68606K, committed 68696K, reserved 1107968K
  class space    used 8974K, capacity 9502K, committed 9560K, reserved 1048576K
Event: 49.180 GC heap after
Heap after GC invocations=17 (full 3):
 PSYoungGen      total 199680K, used 20471K [0x00000000e0000000, 0x00000000ef300000, 0x0000000100000000)
  eden space 179200K, 0% used [0x00000000e0000000,0x00000000e0000000,0x00000000eaf00000)
  from space 20480K, 99% used [0x00000000ecd00000,0x00000000ee0fdd08,0x00000000ee100000)
  to   space 30720K, 0% used [0x00000000eaf00000,0x00000000eaf00000,0x00000000ecd00000)
 ParOldGen       total 133632K, used 53074K [0x00000000a0000000, 0x00000000a8280000, 0x00000000e0000000)
  object space 133632K, 39% used [0x00000000a0000000,0x00000000a33d4980,0x00000000a8280000)
 Metaspace       used 66180K, capacity 68606K, committed 68696K, reserved 1107968K
  class space    used 8974K, capacity 9502K, committed 9560K, reserved 1048576K
}
Event: 54.000 GC heap before
{Heap before GC invocations=18 (full 3):
 PSYoungGen      total 199680K, used 199671K [0x00000000e0000000, 0x00000000ef300000, 0x0000000100000000)
  eden space 179200K, 100% used [0x00000000e0000000,0x00000000eaf00000,0x00000000eaf00000)
  from space 20480K, 99% used [0x00000000ecd00000,0x00000000ee0fdd08,0x00000000ee100000)
  to   space 30720K, 0% used [0x00000000eaf00000,0x00000000eaf00000,0x00000000ecd00000)
 ParOldGen       total 133632K, used 53074K [0x00000000a0000000, 0x00000000a8280000, 0x00000000e0000000)
  object space 133632K, 39% used [0x00000000a0000000,0x00000000a33d4980,0x00000000a8280000)
 Metaspace       used 73630K, capacity 76554K, committed 76760K, reserved 1116160K
  class space    used 9981K, capacity 10608K, committed 10712K, reserved 1048576K
Event: 54.038 GC heap after
Heap after GC invocations=18 (full 3):
 PSYoungGen      total 209920K, used 30699K [0x00000000e0000000, 0x00000000f2100000, 0x0000000100000000)
  eden space 179200K, 0% used [0x00000000e0000000,0x00000000e0000000,0x00000000eaf00000)
  from space 30720K, 99% used [0x00000000eaf00000,0x00000000eccfac98,0x00000000ecd00000)
  to   space 40448K, 0% used [0x00000000ef980000,0x00000000ef980000,0x00000000f2100000)
 ParOldGen       total 133632K, used 66172K [0x00000000a0000000, 0x00000000a8280000, 0x00000000e0000000)
  object space 133632K, 49% used [0x00000000a0000000,0x00000000a409f158,0x00000000a8280000)
 Metaspace       used 73630K, capacity 76554K, committed 76760K, reserved 1116160K
  class space    used 9981K, capacity 10608K, committed 10712K, reserved 1048576K
}
Event: 60.414 GC heap before
{Heap before GC invocations=19 (full 3):
 PSYoungGen      total 209920K, used 209899K [0x00000000e0000000, 0x00000000f2100000, 0x0000000100000000)
  eden space 179200K, 100% used [0x00000000e0000000,0x00000000eaf00000,0x00000000eaf00000)
  from space 30720K, 99% used [0x00000000eaf00000,0x00000000eccfac98,0x00000000ecd00000)
  to   space 40448K, 0% used [0x00000000ef980000,0x00000000ef980000,0x00000000f2100000)
 ParOldGen       total 133632K, used 66172K [0x00000000a0000000, 0x00000000a8280000, 0x00000000e0000000)
  object space 133632K, 49% used [0x00000000a0000000,0x00000000a409f158,0x00000000a8280000)
 Metaspace       used 84532K, capacity 88366K, committed 88536K, reserved 1126400K
  class space    used 11461K, capacity 12238K, committed 12248K, reserved 1048576K
Event: 60.448 GC heap after
Heap after GC invocations=19 (full 3):
 PSYoungGen      total 250368K, used 14919K [0x00000000e0000000, 0x00000000f1c80000, 0x0000000100000000)
  eden space 214528K, 0% used [0x00000000e0000000,0x00000000e0000000,0x00000000ed180000)
  from space 35840K, 41% used [0x00000000ef980000,0x00000000f0811ef0,0x00000000f1c80000)
  to   space 38400K, 0% used [0x00000000ed180000,0x00000000ed180000,0x00000000ef700000)
 ParOldGen       total 133632K, used 93316K [0x00000000a0000000, 0x00000000a8280000, 0x00000000e0000000)
  object space 133632K, 69% used [0x00000000a0000000,0x00000000a5b21128,0x00000000a8280000)
 Metaspace       used 84532K, capacity 88366K, committed 88536K, reserved 1126400K
  class space    used 11461K, capacity 12238K, committed 12248K, reserved 1048576K
}
Event: 154.757 GC heap before
{Heap before GC invocations=20 (full 3):
 PSYoungGen      total 250368K, used 229447K [0x00000000e0000000, 0x00000000f1c80000, 0x0000000100000000)
  eden space 214528K, 100% used [0x00000000e0000000,0x00000000ed180000,0x00000000ed180000)
  from space 35840K, 41% used [0x00000000ef980000,0x00000000f0811ef0,0x00000000f1c80000)
  to   space 38400K, 0% used [0x00000000ed180000,0x00000000ed180000,0x00000000ef700000)
 ParOldGen       total 133632K, used 93316K [0x00000000a0000000, 0x00000000a8280000, 0x00000000e0000000)
  object space 133632K, 69% used [0x00000000a0000000,0x00000000a5b21128,0x00000000a8280000)
 Metaspace       used 86341K, capacity 90212K, committed 90584K, reserved 1128448K
  class space    used 11579K, capacity 12387K, committed 12504K, reserved 1048576K
Event: 154.794 GC heap after
Heap after GC invocations=20 (full 3):
 PSYoungGen      total 252928K, used 36389K [0x00000000e0000000, 0x00000000f1c80000, 0x0000000100000000)
  eden space 214528K, 0% used [0x00000000e0000000,0x00000000e0000000,0x00000000ed180000)
  from space 38400K, 94% used [0x00000000ed180000,0x00000000ef509418,0x00000000ef700000)
  to   space 35840K, 0% used [0x00000000ef980000,0x00000000ef980000,0x00000000f1c80000)
 ParOldGen       total 133632K, used 93324K [0x00000000a0000000, 0x00000000a8280000, 0x00000000e0000000)
  object space 133632K, 69% used [0x00000000a0000000,0x00000000a5b23128,0x00000000a8280000)
 Metaspace       used 86341K, capacity 90212K, committed 90584K, reserved 1128448K
  class space    used 11579K, capacity 12387K, committed 12504K, reserved 1048576K
}

Deoptimization events (10 events):
Event: 154.460 Thread 0x0000000020794000 Uncommon trap: reason=array_check action=maybe_recompile pc=0x0000000004782b04 method=java.util.ComparableTimSort.binarySort([Ljava/lang/Object;III)V @ 215
Event: 154.461 Thread 0x0000000020794000 Uncommon trap: reason=array_check action=maybe_recompile pc=0x00000000050bfa68 method=java.util.ComparableTimSort.binarySort([Ljava/lang/Object;III)V @ 193
Event: 154.580 Thread 0x0000000020794000 Uncommon trap: reason=unstable_if action=reinterpret pc=0x0000000004c2c480 method=com.sun.tools.javac.code.Types.rank(Lcom/sun/tools/javac/code/Type;)I @ 88
Event: 154.580 Thread 0x0000000020794000 Uncommon trap: reason=unstable_if action=reinterpret pc=0x0000000004788e48 method=com.sun.tools.javac.code.Types.rank(Lcom/sun/tools/javac/code/Type;)I @ 88
Event: 154.631 Thread 0x0000000020794000 Uncommon trap: reason=unstable_if action=reinterpret pc=0x0000000004a2d4e4 method=com.sun.tools.javac.processing.JavacRoundEnvironment$AnnotationSetScanner.scan(Ljavax/lang/model/element/Element;Ljavax/lang/model/element/TypeElement;)Ljava/util/Set; @ 65
Event: 154.631 Thread 0x0000000020794000 Uncommon trap: reason=unstable_if action=reinterpret pc=0x00000000049e11d8 method=com.sun.tools.javac.processing.JavacRoundEnvironment$AnnotationSetScanner.scan(Ljavax/lang/model/element/Element;Ljavax/lang/model/element/TypeElement;)Ljava/util/Set; @ 65
Event: 154.989 Thread 0x0000000020794000 Uncommon trap: reason=unstable_if action=reinterpret pc=0x0000000005484e48 method=com.sun.tools.javac.jvm.ClassReader.readMethod()Lcom/sun/tools/javac/code/Symbol$MethodSymbol; @ 109
Event: 155.014 Thread 0x0000000020794000 Uncommon trap: reason=unstable_if action=reinterpret pc=0x0000000004c89e3c method=com.sun.tools.javac.code.Lint$AugmentVisitor.initSyms()V @ 4
Event: 155.033 Thread 0x0000000020794000 Uncommon trap: reason=unstable_if action=reinterpret pc=0x0000000004cb704c method=com.sun.tools.javac.code.Types.covariantReturnType(Lcom/sun/tools/javac/code/Type;Lcom/sun/tools/javac/code/Type;Lcom/sun/tools/javac/util/Warner;)Z @ 6
Event: 155.115 Thread 0x0000000020794000 Uncommon trap: reason=class_check action=maybe_recompile pc=0x0000000004cc56b0 method=com.sun.tools.javac.comp.Attr.attribLazyConstantValue(Lcom/sun/tools/javac/comp/Env;Lcom/sun/tools/javac/tree/JCTree$JCVariableDecl;Lcom/sun/tools/javac/code/Type;)Ljava

Classes redefined (0 events):
No events

Internal exceptions (10 events):
Event: 58.997 Thread 0x000000001b80b000 Exception <a 'java/lang/NoSuchMethodError': <clinit>> (0x00000000ea3edc60) thrown at [D:\src\AOSP-openjdk-cygwin\jdk8u\hotspot\src\share\vm\prims\jni.cpp, line 1614]
Event: 58.999 Thread 0x000000001b80b000 Exception <a 'java/lang/NoSuchMethodError': <clinit>> (0x00000000ea407c70) thrown at [D:\src\AOSP-openjdk-cygwin\jdk8u\hotspot\src\share\vm\prims\jni.cpp, line 1614]
Event: 58.999 Thread 0x000000001b80b000 Exception <a 'java/lang/NoSuchMethodError': <clinit>> (0x00000000ea418890) thrown at [D:\src\AOSP-openjdk-cygwin\jdk8u\hotspot\src\share\vm\prims\jni.cpp, line 1614]
Event: 152.977 Thread 0x0000000020794000 Implicit null exception at 0x0000000004f73a64 to 0x0000000004f76e15
Event: 152.987 Thread 0x0000000020794000 Implicit null exception at 0x00000000041e4674 to 0x00000000041e4901
Event: 152.987 Thread 0x0000000020794000 Implicit null exception at 0x00000000041e6e35 to 0x00000000041e73c1
Event: 152.987 Thread 0x0000000020794000 Implicit null exception at 0x00000000041c1d54 to 0x00000000041c1f49
Event: 152.988 Thread 0x0000000020794000 Implicit null exception at 0x000000000393902f to 0x00000000039390b6
Event: 154.324 Thread 0x0000000020794000 Implicit null exception at 0x0000000003ad6787 to 0x0000000003ad687e
Event: 154.446 Thread 0x0000000020794000 Implicit null exception at 0x0000000004937d4d to 0x000000000493b07d

Events (10 events):
Event: 155.014 Thread 0x0000000020794000 DEOPT PACKING pc=0x0000000004c89e3c sp=0x000000001d157ca0
Event: 155.014 Thread 0x0000000020794000 DEOPT UNPACKING pc=0x00000000030c557b sp=0x000000001d157bf8 mode 2
Event: 155.016 Thread 0x0000000020794000 DEOPT PACKING pc=0x0000000004478978 sp=0x000000001d157930
Event: 155.016 Thread 0x0000000020794000 DEOPT UNPACKING pc=0x00000000030c75d0 sp=0x000000001d157658 mode 0
Event: 155.033 Thread 0x0000000020794000 Uncommon trap: trap_request=0xffffff65 fr.pc=0x0000000004cb704c
Event: 155.033 Thread 0x0000000020794000 DEOPT PACKING pc=0x0000000004cb704c sp=0x000000001d155800
Event: 155.033 Thread 0x0000000020794000 DEOPT UNPACKING pc=0x00000000030c557b sp=0x000000001d155630 mode 2
Event: 155.115 Thread 0x0000000020794000 Uncommon trap: trap_request=0xffffffde fr.pc=0x0000000004cc56b0
Event: 155.115 Thread 0x0000000020794000 DEOPT PACKING pc=0x0000000004cc56b0 sp=0x000000001d157aa0
Event: 155.115 Thread 0x0000000020794000 DEOPT UNPACKING pc=0x00000000030c557b sp=0x000000001d157980 mode 2


Dynamic libraries:
0x00007ff6c5430000 - 0x00007ff6c5461000 	G:\Android Studio\Program Files\Android\Android Studio\jre\bin\java.exe
0x00007ffd47920000 - 0x00007ffd47b10000 	C:\WINDOWS\SYSTEM32\ntdll.dll
0x00007ffd470b0000 - 0x00007ffd47162000 	C:\WINDOWS\System32\KERNEL32.DLL
0x00007ffd44910000 - 0x00007ffd44bb3000 	C:\WINDOWS\System32\KERNELBASE.dll
0x00007ffd46450000 - 0x00007ffd464f3000 	C:\WINDOWS\System32\ADVAPI32.dll
0x00007ffd47010000 - 0x00007ffd470ae000 	C:\WINDOWS\System32\msvcrt.dll
0x00007ffd46f70000 - 0x00007ffd47007000 	C:\WINDOWS\System32\sechost.dll
0x00007ffd465b0000 - 0x00007ffd466d0000 	C:\WINDOWS\System32\RPCRT4.dll
0x00007ffd466d0000 - 0x00007ffd46864000 	C:\WINDOWS\System32\USER32.dll
0x00007ffd448e0000 - 0x00007ffd44901000 	C:\WINDOWS\System32\win32u.dll
0x00007ffd478b0000 - 0x00007ffd478d6000 	C:\WINDOWS\System32\GDI32.dll
0x00007ffd44ce0000 - 0x00007ffd44e74000 	C:\WINDOWS\System32\gdi32full.dll
0x00007ffd44f30000 - 0x00007ffd44fce000 	C:\WINDOWS\System32\msvcp_win.dll
0x00007ffd44be0000 - 0x00007ffd44cda000 	C:\WINDOWS\System32\ucrtbase.dll
0x00007ffd32660000 - 0x00007ffd328e5000 	C:\WINDOWS\WinSxS\amd64_microsoft.windows.common-controls_6595b64144ccf1df_6.0.18362.720_none_e6beb5c51314836b\COMCTL32.dll
0x00007ffd474f0000 - 0x00007ffd47826000 	C:\WINDOWS\System32\combase.dll
0x00007ffd44fd0000 - 0x00007ffd45050000 	C:\WINDOWS\System32\bcryptPrimitives.dll
0x00007ffd45c20000 - 0x00007ffd45c4e000 	C:\WINDOWS\System32\IMM32.DLL
0x0000000054200000 - 0x00000000542d2000 	G:\Android Studio\Program Files\Android\Android Studio\jre\jre\bin\msvcr100.dll
0x0000000052ef0000 - 0x0000000053736000 	G:\Android Studio\Program Files\Android\Android Studio\jre\jre\bin\server\jvm.dll
0x00007ffd45a50000 - 0x00007ffd45a58000 	C:\WINDOWS\System32\PSAPI.DLL
0x00007ffd3f5b0000 - 0x00007ffd3f5ba000 	C:\WINDOWS\SYSTEM32\VERSION.dll
0x00007ffd2ee70000 - 0x00007ffd2ee79000 	C:\WINDOWS\SYSTEM32\WSOCK32.dll
0x00007ffd425e0000 - 0x00007ffd42604000 	C:\WINDOWS\SYSTEM32\WINMM.dll
0x00007ffd46dc0000 - 0x00007ffd46e2f000 	C:\WINDOWS\System32\WS2_32.dll
0x00007ffd42120000 - 0x00007ffd4214d000 	C:\WINDOWS\SYSTEM32\winmmbase.dll
0x00007ffd45200000 - 0x00007ffd4524a000 	C:\WINDOWS\System32\cfgmgr32.dll
0x00007ffd3e350000 - 0x00007ffd3e35f000 	G:\Android Studio\Program Files\Android\Android Studio\jre\jre\bin\verify.dll
0x00007ffd38400000 - 0x00007ffd38429000 	G:\Android Studio\Program Files\Android\Android Studio\jre\jre\bin\java.dll
0x00007ffd3be70000 - 0x00007ffd3be86000 	G:\Android Studio\Program Files\Android\Android Studio\jre\jre\bin\zip.dll
0x00007ffd45d00000 - 0x00007ffd463e5000 	C:\WINDOWS\System32\SHELL32.dll
0x00007ffd46500000 - 0x00007ffd465a9000 	C:\WINDOWS\System32\shcore.dll
0x00007ffd45250000 - 0x00007ffd459d0000 	C:\WINDOWS\System32\windows.storage.dll
0x00007ffd44880000 - 0x00007ffd448a3000 	C:\WINDOWS\System32\profapi.dll
0x00007ffd44810000 - 0x00007ffd4485a000 	C:\WINDOWS\System32\powrprof.dll
0x00007ffd447e0000 - 0x00007ffd447f0000 	C:\WINDOWS\System32\UMPDC.dll
0x00007ffd463f0000 - 0x00007ffd46442000 	C:\WINDOWS\System32\shlwapi.dll
0x00007ffd447f0000 - 0x00007ffd44801000 	C:\WINDOWS\System32\kernel.appcore.dll
0x00007ffd44bc0000 - 0x00007ffd44bd7000 	C:\WINDOWS\System32\cryptsp.dll
0x00007ffd39f60000 - 0x00007ffd39f7a000 	G:\Android Studio\Program Files\Android\Android Studio\jre\jre\bin\net.dll
0x00007ffd32480000 - 0x00007ffd32655000 	C:\WINDOWS\SYSTEM32\urlmon.dll
0x00007ffd36de0000 - 0x00007ffd37086000 	C:\WINDOWS\SYSTEM32\iertutil.dll
0x00007ffd44220000 - 0x00007ffd4422c000 	C:\WINDOWS\SYSTEM32\CRYPTBASE.DLL
0x00007ffd44050000 - 0x00007ffd440b7000 	C:\WINDOWS\system32\mswsock.dll
0x00007ffd38260000 - 0x00007ffd38273000 	G:\Android Studio\Program Files\Android\Android Studio\jre\jre\bin\nio.dll
0x00007ffd2e140000 - 0x00007ffd2e166000 	C:\Users\sarbjit singh\.gradle\native\30\windows-amd64\native-platform.dll
0x00007ffd37390000 - 0x00007ffd3739d000 	G:\Android Studio\Program Files\Android\Android Studio\jre\jre\bin\management.dll
0x00007ffd43bc0000 - 0x00007ffd43bf3000 	C:\WINDOWS\system32\rsaenh.dll
0x00007ffd448b0000 - 0x00007ffd448d6000 	C:\WINDOWS\System32\bcrypt.dll
0x00007ffd44700000 - 0x00007ffd44725000 	C:\WINDOWS\SYSTEM32\USERENV.dll
0x00007ffd43d60000 - 0x00007ffd43d9a000 	C:\WINDOWS\SYSTEM32\IPHLPAPI.DLL
0x00007ffd474e0000 - 0x00007ffd474e8000 	C:\WINDOWS\System32\NSI.dll
0x00007ffd3c4e0000 - 0x00007ffd3c4f6000 	C:\WINDOWS\SYSTEM32\dhcpcsvc6.DLL
0x00007ffd3c4c0000 - 0x00007ffd3c4dc000 	C:\WINDOWS\SYSTEM32\dhcpcsvc.DLL
0x00007ffd43da0000 - 0x00007ffd43e6a000 	C:\WINDOWS\SYSTEM32\DNSAPI.dll

VM Arguments:
jvm_args: -Xmx1536m -Dfile.encoding=windows-1252 -Duser.country=IN -Duser.language=en -Duser.variant 
java_command: org.gradle.launcher.daemon.bootstrap.GradleDaemon 5.6.4
java_class_path (initial): C:\Users\sarbjit singh\.gradle\wrapper\dists\gradle-5.6.4-all\ankdp27end7byghfw1q2sw75f\gradle-5.6.4\lib\gradle-launcher-5.6.4.jar
Launcher Type: SUN_STANDARD

Environment Variables:
PATH=C:\Program Files (x86)\Common Files\Oracle\Java\javapath;C:\Program Files (x86)\Lenovo\FusionEngine;C:\Windows\system32;C:\Windows;C:\Windows\System32\Wbem;C:\Windows\System32\WindowsPowerShell\v1.0\;C:\Program Files (x86)\NVIDIA Corporation\PhysX\Common;C:\Program Files\Intel\WiFi\bin\;C:\Program Files\Common Files\Intel\WirelessCommon\;C:\WINDOWS\system32;C:\WINDOWS;C:\WINDOWS\System32\Wbem;C:\WINDOWS\System32\WindowsPowerShell\v1.0\;C:\WINDOWS\System32\OpenSSH\;C:\Program Files\NVIDIA Corporation\NVIDIA NvDLISR;C:\Program Files\Process Lasso\;C:\Program Files\Git\cmd;C:\Program Files\Java\jdk-11.0.4\bin;C:\Users\sarbjit singh\AppData\Local\atom\bin
USERNAME=sarbjit singh
OS=Windows_NT
PROCESSOR_IDENTIFIER=Intel64 Family 6 Model 60 Stepping 3, GenuineIntel



---------------  S Y S T E M  ---------------

OS: Windows 10.0 , 64 bit Build 18362 (10.0.18362.329)

CPU:total 8 (initial active 8) (4 cores per cpu, 2 threads per core) family 6 model 60 stepping 3, cmov, cx8, fxsr, mmx, sse, sse2, sse3, ssse3, sse4.1, sse4.2, popcnt, avx, avx2, aes, clmul, erms, lzcnt, ht, tsc, tscinvbit, bmi1, bmi2

Memory: 4k page, physical 8298776k(871004k free), swap 13279512k(9176k free)

vm_info: OpenJDK 64-Bit Server VM (25.212-b04) for windows-amd64 JRE (1.8.0_212-release-1586-b04), built by "builder" with MS VC++ 10.0 (VS2010)

time: Tue Apr 14 21:48:06 2020
timezone: Eastern Daylight Time
elapsed time: 155 seconds (0d 0h 2m 35s)

